<?xml version="1.0" encoding="UTF-8"?>
<!-- Generated by org.testng.reporters.JUnitReportReporter -->
<testsuite hostname="Rohit" failures="0" tests="1" name="test.TestCase" time="6.122" errors="0" timestamp="2025-08-23T01:21:26 IST" skipped="0">
  <testcase classname="test.TestCase" name="wlcMsgValidation" time="6.122"/>
</testsuite> <!-- test.TestCase -->
