<?xml version="1.0" encoding="UTF-8"?>
<!-- Generated by org.testng.reporters.JUnitReportReporter -->
<testsuite hostname="Rohit" failures="0" tests="1" name="test.TestCase" time="4.364" errors="0" timestamp="2025-08-23T01:43:17 IST" skipped="0">
  <testcase classname="test.TestCase" name="wlcMsgValidation" time="4.364"/>
</testsuite> <!-- test.TestCase -->
