<?xml version="1.0" encoding="UTF-8"?>
<!-- Generated by org.testng.reporters.JUnitReportReporter -->
<testsuite hostname="Rohit" failures="0" tests="1" name="test.TestCase" time="6.502" errors="0" timestamp="2025-08-25T13:38:11 IST" skipped="0">
  <testcase classname="test.TestCase" name="wlcMsgValidation" time="6.502"/>
</testsuite> <!-- test.TestCase -->
